<?xml version="1.0" encoding="UTF-8"?>
<!-- Generated by org.testng.reporters.JUnitXMLReporter -->
<testsuite ignored="0" hostname="LAPTOP-RBI3I0R1" failures="2" tests="2" name="FacebookGroup" time="0.075" errors="0" timestamp="2023-08-04T05:22:33 IST">
  <testcase classname="org.sample.FacebookGroup" name="pass" time="0.014">
    <failure type="java.lang.NullPointerException" message="Cannot invoke &amp;quot;org.openqa.selenium.WebDriver.findElement(org.openqa.selenium.By)&amp;quot; because &amp;quot;org.sample.FacebookGroup.driver&amp;quot; is null">
      <![CDATA[java.lang.NullPointerException: Cannot invoke "org.openqa.selenium.WebDriver.findElement(org.openqa.selenium.By)" because "org.sample.FacebookGroup.driver" is null
at org.sample.FacebookGroup.pass(FacebookGroup.java:18)
at java.base/java.util.ArrayList.forEach(ArrayList.java:1511)
... Removed 25 stack frames]]>
    </failure>
  </testcase> <!-- pass -->
  <testcase classname="org.sample.FacebookGroup" name="user" time="0.0">
    <failure type="org.testng.TestNGException" message="
Parameter &amp;apos;username&amp;apos; is required by @Test on method user but has not been marked @Optional or defined
in C:\Users\THILLAI\eclipse-workspace\ProjectClass\testfacebookgroup.xml">
      <![CDATA[org.testng.TestNGException: 
Parameter 'username' is required by @Test on method user but has not been marked @Optional or defined
in C:\Users\THILLAI\eclipse-workspace\ProjectClass\testfacebookgroup.xml
at java.base/java.util.ArrayList.forEach(ArrayList.java:1511)
... Removed 26 stack frames]]>
    </failure>
  </testcase> <!-- user -->
</testsuite> <!-- FacebookGroup -->
